<?xml version="1.0" encoding="UTF-8"?>
<testng-results skipped="0" failed="0" ignored="0" total="2" passed="2">
  <reporter-output>
  </reporter-output>
  <suite name="Default suite" duration-ms="12915" started-at="2022-01-14T12:20:03 IST" finished-at="2022-01-14T12:20:16 IST">
    <groups>
      <group name="cucumber">
        <method signature="AbstractTestNGCucumberTests.runScenario(io.cucumber.testng.PickleWrapper,io.cucumber.testng.FeatureWrapper)[pri:0, instance:cucumber.Options.TestRunner@462d5aee]" name="runScenario" class="io.cucumber.testng.AbstractTestNGCucumberTests"/>
      </group> <!-- cucumber -->
    </groups>
    <test name="Default test" duration-ms="12915" started-at="2022-01-14T12:20:03 IST" finished-at="2022-01-14T12:20:16 IST">
      <class name="cucumber.Options.TestRunner">
        <test-method status="PASS" signature="setUpClass(org.testng.ITestContext)[pri:0, instance:cucumber.Options.TestRunner@462d5aee]" name="setUpClass" is-config="true" duration-ms="1332" started-at="2022-01-14T12:20:03 IST" finished-at="2022-01-14T12:20:04 IST">
          <params>
            <param index="0">
              <value>
                <![CDATA[org.testng.TestRunner@2bb62414]]>
              </value>
            </param>
          </params>
          <reporter-output>
          </reporter-output>
        </test-method> <!-- setUpClass -->
        <test-method status="PASS" signature="runScenario(io.cucumber.testng.PickleWrapper,io.cucumber.testng.FeatureWrapper)[pri:0, instance:cucumber.Options.TestRunner@462d5aee]" name="runScenario" duration-ms="7299" started-at="2022-01-14T12:20:04 IST" description="Runs Cucumber Scenarios" data-provider="scenarios" finished-at="2022-01-14T12:20:12 IST">
          <params>
            <param index="0">
              <value>
                <![CDATA["Verify if the place is successgully added with AddPlace API"]]>
              </value>
            </param>
            <param index="1">
              <value>
                <![CDATA["Optional[Add Place API]"]]>
              </value>
            </param>
          </params>
          <reporter-output>
          </reporter-output>
        </test-method> <!-- runScenario -->
        <test-method status="PASS" signature="runScenario(io.cucumber.testng.PickleWrapper,io.cucumber.testng.FeatureWrapper)[pri:0, instance:cucumber.Options.TestRunner@462d5aee]" name="runScenario" duration-ms="3745" started-at="2022-01-14T12:20:12 IST" description="Runs Cucumber Scenarios" data-provider="scenarios" finished-at="2022-01-14T12:20:15 IST">
          <params>
            <param index="0">
              <value>
                <![CDATA["Verify if the place is successgully deleted with DeletePlace API"]]>
              </value>
            </param>
            <param index="1">
              <value>
                <![CDATA["Optional[Add Place API]"]]>
              </value>
            </param>
          </params>
          <reporter-output>
          </reporter-output>
        </test-method> <!-- runScenario -->
        <test-method status="PASS" signature="tearDownClass()[pri:0, instance:cucumber.Options.TestRunner@462d5aee]" name="tearDownClass" is-config="true" duration-ms="480" started-at="2022-01-14T12:20:15 IST" finished-at="2022-01-14T12:20:16 IST">
          <reporter-output>
          </reporter-output>
        </test-method> <!-- tearDownClass -->
      </class> <!-- cucumber.Options.TestRunner -->
    </test> <!-- Default test -->
  </suite> <!-- Default suite -->
</testng-results>
