<?xml version="1.0" encoding="UTF-8"?>
<testng-results ignored="0" total="2" passed="2" failed="0" skipped="0">
  <reporter-output>
  </reporter-output>
  <suite started-at="2022-01-14T10:36:30 IST" name="Default suite" finished-at="2022-01-14T10:36:31 IST" duration-ms="607">
    <groups>
      <group name="cucumber">
        <method signature="AbstractTestNGCucumberTests.runScenario(io.cucumber.testng.PickleWrapper,io.cucumber.testng.FeatureWrapper)[pri:0, instance:cucumber.Options.TestRunner@66f57048]" name="runScenario" class="io.cucumber.testng.AbstractTestNGCucumberTests"/>
      </group> <!-- cucumber -->
    </groups>
    <test started-at="2022-01-14T10:36:30 IST" name="Default test" finished-at="2022-01-14T10:36:31 IST" duration-ms="607">
      <class name="cucumber.Options.TestRunner">
        <test-method is-config="true" signature="setUpClass(org.testng.ITestContext)[pri:0, instance:cucumber.Options.TestRunner@66f57048]" started-at="2022-01-14T10:36:30 IST" name="setUpClass" finished-at="2022-01-14T10:36:31 IST" duration-ms="295" status="PASS">
          <params>
            <param index="0">
              <value>
                <![CDATA[org.testng.TestRunner@6d24ffa1]]>
              </value>
            </param>
          </params>
          <reporter-output>
          </reporter-output>
        </test-method> <!-- setUpClass -->
        <test-method signature="runScenario(io.cucumber.testng.PickleWrapper,io.cucumber.testng.FeatureWrapper)[pri:0, instance:cucumber.Options.TestRunner@66f57048]" started-at="2022-01-14T10:36:31 IST" name="runScenario" description="Runs Cucumber Scenarios" data-provider="scenarios" finished-at="2022-01-14T10:36:31 IST" duration-ms="218" status="PASS">
          <params>
            <param index="0">
              <value>
                <![CDATA["Verify if the place is successgully added with AddPlace API"]]>
              </value>
            </param>
            <param index="1">
              <value>
                <![CDATA["Optional[Add Place API]"]]>
              </value>
            </param>
          </params>
          <reporter-output>
          </reporter-output>
        </test-method> <!-- runScenario -->
        <test-method signature="runScenario(io.cucumber.testng.PickleWrapper,io.cucumber.testng.FeatureWrapper)[pri:0, instance:cucumber.Options.TestRunner@66f57048]" started-at="2022-01-14T10:36:31 IST" name="runScenario" description="Runs Cucumber Scenarios" data-provider="scenarios" finished-at="2022-01-14T10:36:31 IST" duration-ms="30" status="PASS">
          <params>
            <param index="0">
              <value>
                <![CDATA["Verify if the place is successgully deleted with DeletePlace API"]]>
              </value>
            </param>
            <param index="1">
              <value>
                <![CDATA["Optional[Add Place API]"]]>
              </value>
            </param>
          </params>
          <reporter-output>
          </reporter-output>
        </test-method> <!-- runScenario -->
        <test-method is-config="true" signature="tearDownClass()[pri:0, instance:cucumber.Options.TestRunner@66f57048]" started-at="2022-01-14T10:36:31 IST" name="tearDownClass" finished-at="2022-01-14T10:36:31 IST" duration-ms="12" status="PASS">
          <reporter-output>
          </reporter-output>
        </test-method> <!-- tearDownClass -->
      </class> <!-- cucumber.Options.TestRunner -->
    </test> <!-- Default test -->
  </suite> <!-- Default suite -->
</testng-results>
